<?xml version="1.0" encoding="UTF-8"?>
<!-- Generated by org.testng.reporters.JUnitXMLReporter -->
<testsuite hostname="IN-HBharish-1" ignored="0" name="Find Right Mobile Test" tests="1" failures="1" timestamp="27 Jul 2017 09:59:01 GMT" time="0.128" errors="0">
  <testcase name="loginTest" time="0.076" classname="com.unisys.pom.retailbanking.LoginTest">
    <failure type="java.lang.NoClassDefFoundError" message="org/openqa/selenium/NoSuchSessionException">
      <![CDATA[java.lang.NoClassDefFoundError: org/openqa/selenium/NoSuchSessionException
	at io.appium.java_client.AppiumDriver.<init>(AppiumDriver.java:111)
	at io.appium.java_client.android.AndroidDriver.<init>(AndroidDriver.java:73)
	at com.unisys.pom.retailbanking.BaseTest.launchApp(BaseTest.java:42)
	at com.unisys.pom.retailbanking.LoginTest.loginTest(LoginTest.java:26)
Caused by: java.lang.ClassNotFoundException: org.openqa.selenium.NoSuchSessionException
	at java.net.URLClassLoader.findClass(Unknown Source)
	at java.lang.ClassLoader.loadClass(Unknown Source)
	at sun.misc.Launcher$AppClassLoader.loadClass(Unknown Source)
	at java.lang.ClassLoader.loadClass(Unknown Source)
	... 29 more
... Removed 25 stack frames]]>
    </failure>
  </testcase> <!-- loginTest -->
</testsuite> <!-- Find Right Mobile Test -->
