<?xml version="1.0" encoding="UTF-8"?>
<!-- Generated by org.testng.reporters.JUnitXMLReporter -->
<testsuite hostname="IN-HBharish-1" ignored="0" name="Side Menu Test" tests="1" failures="1" timestamp="26 Jul 2017 08:07:17 GMT" time="0.01" errors="0">
  <testcase name="sideBarMenuTest" time="0.0" classname="com.unisys.pom.flipkart.SideBarMenuTest">
    <failure type="org.testng.TestNGException" message="
Cannot inject @Test annotated Method [sideBarMenuTest] with [class java.util.Hashtable].
For more information on native dependency injection please refer to http://testng.org/doc/documentation-main.html#native-dependency-injection">
      <![CDATA[org.testng.TestNGException: 
Cannot inject @Test annotated Method [sideBarMenuTest] with [class java.util.Hashtable].
For more information on native dependency injection please refer to http://testng.org/doc/documentation-main.html#native-dependency-injection
... Removed 24 stack frames]]>
    </failure>
  </testcase> <!-- sideBarMenuTest -->
</testsuite> <!-- Side Menu Test -->
